#iniciar_torneo Open_Usa
(((1.Toni 8.Ferran) (4.Luisito 5.David)) ((2.Juanito 7.Paco) (3.Hugo 6.Mario)))
#nuevo_jugador Luisito
error: ya existe un jugador con ese nombre
#nj Morales
16
#cj Messi
error: el jugador no existe
#finalizar_torneo Open_Usa
(4.Luisito vs 2.Juanito 6-4,6-7,7-5(1.Toni vs 4.Luisito 6-1,2-6,4-6(1.Toni vs 8.Ferran 1-0)(4.Luisito vs 5.David 6-1,6-2))(2.Juanito vs 6.Mario 6-4,6-3(2.Juanito vs 7.Paco 6-0,6-1)(3.Hugo vs 6.Mario 0-1)))
1.Toni 720
2.Juanito 850
3.Hugo 200
4.Luisito 1000
5.David 200
6.Mario 720
7.Paco 200
8.Ferran 200
#cj Luisito
Luisito Rk:1 Ps:1000 Ts:1 WM:3 LM:0 WS:6 LS:2 WG:44 LG:31
#cj Juanito
Juanito Rk:2 Ps:850 Ts:1 WM:2 LM:1 WS:5 LS:2 WG:40 LG:27
#bj Luisito
15
#bj Juanito
14
#nj Luisito
15
#nj Juanito
16
#it Open_Usa
(((1.Toni 8.Juanito) (4.David 5.Paco)) ((2.Mario 7.Joan) (3.Hugo 6.Ferran)))
#ft Open_Usa
(4.David vs 3.Hugo 6-4,6-3(8.Juanito vs 4.David 2-6,4-6(1.Toni vs 8.Juanito 0-1)(4.David vs 5.Paco 6-4,6-2))(2.Mario vs 3.Hugo 6-4,3-6,2-6(2.Mario vs 7.Joan 6-0,6-4)(3.Hugo vs 6.Ferran 1-0)))
1.Toni 200
2.Mario 720
3.Hugo 850
4.David 1000
5.Paco 200
6.Ferran 200
7.Joan 200
8.Juanito 720
#cj Luisito
Luisito Rk:16 Ps:0 Ts:0 WM:0 LM:0 WS:0 LS:0 WG:0 LG:0
#cj Juanito
Juanito Rk:4 Ps:720 Ts:1 WM:1 LM:1 WS:0 LS:2 WG:6 LG:12
#nuevo_torneo Tarragona 10
error: la categoria no existe
#nt Tarragona 2
7
#listar_torneos
7
Cincinnati Masters_1000
Madrid_Open Masters_1000
Open_Usa Grand_Slam
Roland_Garros Grand_Slam
Tarragona Masters_1000
Tokio ATP_500
Zagreb ATP_250
#listar_ranking
1 David 1000
2 Hugo 850
3 Mario 720
4 Juanito 720
5 Toni 200
6 Paco 200
7 Ferran 200
8 Joan 200
9 Roc 0
10 Conrad 0
11 Marc 0
12 Alex 0
13 Antonio 0
14 Carlos 0
15 Morales 0
16 Luisito 0
#listar_jugadores
16
Alex Rk:12 Ps:0 Ts:0 WM:0 LM:0 WS:0 LS:0 WG:0 LG:0
Antonio Rk:13 Ps:0 Ts:0 WM:0 LM:0 WS:0 LS:0 WG:0 LG:0
Carlos Rk:14 Ps:0 Ts:0 WM:0 LM:0 WS:0 LS:0 WG:0 LG:0
Conrad Rk:10 Ps:0 Ts:0 WM:0 LM:0 WS:0 LS:0 WG:0 LG:0
David Rk:1 Ps:1000 Ts:2 WM:3 LM:1 WS:6 LS:2 WG:39 LG:31
Ferran Rk:7 Ps:200 Ts:2 WM:0 LM:2 WS:0 LS:0 WG:0 LG:0
Hugo Rk:2 Ps:850 Ts:2 WM:2 LM:2 WS:2 LS:3 WG:23 LG:23
Joan Rk:8 Ps:200 Ts:1 WM:0 LM:1 WS:0 LS:2 WG:4 LG:12
Juanito Rk:4 Ps:720 Ts:1 WM:1 LM:1 WS:0 LS:2 WG:6 LG:12
Luisito Rk:16 Ps:0 Ts:0 WM:0 LM:0 WS:0 LS:0 WG:0 LG:0
Marc Rk:11 Ps:0 Ts:0 WM:0 LM:0 WS:0 LS:0 WG:0 LG:0
Mario Rk:3 Ps:720 Ts:2 WM:2 LM:2 WS:3 LS:4 WG:30 LG:32
Morales Rk:15 Ps:0 Ts:0 WM:0 LM:0 WS:0 LS:0 WG:0 LG:0
Paco Rk:6 Ps:200 Ts:2 WM:0 LM:2 WS:0 LS:4 WG:7 LG:24
Roc Rk:9 Ps:0 Ts:0 WM:0 LM:0 WS:0 LS:0 WG:0 LG:0
Toni Rk:5 Ps:200 Ts:2 WM:1 LM:2 WS:1 LS:2 WG:12 LG:13